# JRE version: Java(TM) SE Runtime Environment (8.0_11-b12) (build 1.8.0_11-b12)
# Java VM: Java HotSpot(TM) Client VM (25.11-b03 mixed mode windows-x86 )
Heap:
 def new generation   total 40960K, used 18567K [0x03c00000, 0x06870000, 0x19150000)
  eden space 36416K,  41% used [0x03c00000, 0x04ad1f30, 0x05f90000)
  from space 4544K,  74% used [0x06400000, 0x0674fd58, 0x06870000)
  to   space 4544K,   0% used [0x05f90000, 0x05f90000, 0x06400000)
 tenured generation   total 90924K, used 54552K [0x19150000, 0x1ea1b000, 0x43c00000)
   the space 90924K,  59% used [0x19150000, 0x1c6963d8, 0x1c696400, 0x1ea1b000)
 Metaspace       used 34064K, capacity 34949K, committed 35200K, reserved 35200K
GC Heap History (10 events):
Event: 704.325 GC heap before
{Heap before GC invocations=80 (full 6):
 def new generation   total 36992K, used 36992K [0x03c00000, 0x06420000, 0x19150000)
  eden space 32896K, 100% used [0x03c00000, 0x05c20000, 0x05c20000)
  from space 4096K, 100% used [0x05c20000, 0x06020000, 0x06020000)
  to   space 4096K,   0% used [0x06020000, 0x06020000, 0x06420000)
 tenured generation   total 82080K, used 52965K [0x19150000, 0x1e178000, 0x43c00000)
   the space 82080K,  64% used [0x19150000, 0x1c509578, 0x1c509600, 0x1e178000)
 Metaspace       used 30939K, capacity 31818K, committed 32000K, reserved 32128K
Event: 704.356 GC heap after
Heap after GC invocations=81 (full 6):
 def new generation   total 36992K, used 4096K [0x03c00000, 0x06420000, 0x19150000)
  eden space 32896K,   0% used [0x03c00000, 0x03c00000, 0x05c20000)
  from space 4096K, 100% used [0x06020000, 0x06420000, 0x06420000)
  to   space 4096K,   0% used [0x05c20000, 0x05c20000, 0x06020000)
 tenured generation   total 82080K, used 58521K [0x19150000, 0x1e178000, 0x43c00000)
   the space 82080K,  71% used [0x19150000, 0x1ca76540, 0x1ca76600, 0x1e178000)
 Metaspace       used 30939K, capacity 31818K, committed 32000K, reserved 32128K
}
Event: 704.744 GC heap before
{Heap before GC invocations=81 (full 6):
 def new generation   total 36992K, used 36992K [0x03c00000, 0x06420000, 0x19150000)
  eden space 32896K, 100% used [0x03c00000, 0x05c20000, 0x05c20000)
  from space 4096K, 100% used [0x06020000, 0x06420000, 0x06420000)
  to   space 4096K,   0% used [0x05c20000, 0x05c20000, 0x06020000)
 tenured generation   total 82080K, used 58521K [0x19150000, 0x1e178000, 0x43c00000)
   the space 82080K,  71% used [0x19150000, 0x1ca76540, 0x1ca76600, 0x1e178000)
 Metaspace       used 31580K, capacity 32440K, committed 32512K, reserved 33152K
Event: 704.775 GC heap after
Heap after GC invocations=82 (full 6):
 def new generation   total 36992K, used 4096K [0x03c00000, 0x06420000, 0x19150000)
  eden space 32896K,   0% used [0x03c00000, 0x03c00000, 0x05c20000)
  from space 4096K, 100% used [0x05c20000, 0x06020000, 0x06020000)
  to   space 4096K,   0% used [0x06020000, 0x06020000, 0x06420000)
 tenured generation   total 82080K, used 63402K [0x19150000, 0x1e178000, 0x43c00000)
   the space 82080K,  77% used [0x19150000, 0x1cf3a8a8, 0x1cf3aa00, 0x1e178000)
 Metaspace       used 31580K, capacity 32440K, committed 32512K, reserved 33152K
}
Event: 705.325 GC heap before
{Heap before GC invocations=82 (full 6):
 def new generation   total 36992K, used 36992K [0x03c00000, 0x06420000, 0x19150000)
  eden space 32896K, 100% used [0x03c00000, 0x05c20000, 0x05c20000)
  from space 4096K, 100% used [0x05c20000, 0x06020000, 0x06020000)
  to   space 4096K,   0% used [0x06020000, 0x06020000, 0x06420000)
 tenured generation   total 82080K, used 63402K [0x19150000, 0x1e178000, 0x43c00000)
   the space 82080K,  77% used [0x19150000, 0x1cf3a8a8, 0x1cf3aa00, 0x1e178000)
 Metaspace       used 32665K, capacity 33624K, committed 33664K, reserved 34176K
Event: 705.348 GC heap after
Heap after GC invocations=83 (full 6):
 def new generation   total 36992K, used 4095K [0x03c00000, 0x06420000, 0x19150000)
  eden space 32896K,   0% used [0x03c00000, 0x03c00000, 0x05c20000)
  from space 4096K,  99% used [0x06020000, 0x0641ff40, 0x06420000)
  to   space 4096K,   0% used [0x05c20000, 0x05c20000, 0x06020000)
 tenured generation   total 82080K, used 67504K [0x19150000, 0x1e178000, 0x43c00000)
   the space 82080K,  82% used [0x19150000, 0x1d33c0d0, 0x1d33c200, 0x1e178000)
 Metaspace       used 32665K, capacity 33624K, committed 33664K, reserved 34176K
}
Event: 706.400 GC heap before
{Heap before GC invocations=83 (full 6):
 def new generation   total 36992K, used 32516K [0x03c00000, 0x06420000, 0x19150000)
  eden space 32896K,  86% used [0x03c00000, 0x057c1138, 0x05c20000)
  from space 4096K,  99% used [0x06020000, 0x0641ff40, 0x06420000)
  to   space 4096K,   0% used [0x05c20000, 0x05c20000, 0x06020000)
 tenured generation   total 82080K, used 67504K [0x19150000, 0x1e178000, 0x43c00000)
   the space 82080K,  82% used [0x19150000, 0x1d33c0d0, 0x1d33c200, 0x1e178000)
 Metaspace       used 33211K, capacity 34174K, committed 34304K, reserved 35200K
Event: 706.659 GC heap after
Heap after GC invocations=84 (full 7):
 def new generation   total 40960K, used 0K [0x03c00000, 0x06870000, 0x19150000)
  eden space 36416K,   0% used [0x03c00000, 0x03c00000, 0x05f90000)
  from space 4544K,   0% used [0x05f90000, 0x05f90000, 0x06400000)
  to   space 4544K,   0% used [0x06400000, 0x06400000, 0x06870000)
 tenured generation   total 90924K, used 54552K [0x19150000, 0x1ea1b000, 0x43c00000)
   the space 90924K,  59% used [0x19150000, 0x1c6963d8, 0x1c696400, 0x1ea1b000)
 Metaspace       used 32922K, capacity 33687K, committed 34304K, reserved 35200K
}
Event: 1740.039 GC heap before
{Heap before GC invocations=84 (full 7):
 def new generation   total 40960K, used 36416K [0x03c00000, 0x06870000, 0x19150000)
  eden space 36416K, 100% used [0x03c00000, 0x05f90000, 0x05f90000)
  from space 4544K,   0% used [0x05f90000, 0x05f90000, 0x06400000)
  to   space 4544K,   0% used [0x06400000, 0x06400000, 0x06870000)
 tenured generation   total 90924K, used 54552K [0x19150000, 0x1ea1b000, 0x43c00000)
   the space 90924K,  59% used [0x19150000, 0x1c6963d8, 0x1c696400, 0x1ea1b000)
 Metaspace       used 33009K, capacity 33834K, committed 34304K, reserved 35200K
Event: 1740.053 GC heap after
Heap after GC invocations=85 (full 7):
 def new generation   total 40960K, used 3391K [0x03c00000, 0x06870000, 0x19150000)
  eden space 36416K,   0% used [0x03c00000, 0x03c00000, 0x05f90000)
  from space 4544K,  74% used [0x06400000, 0x0674fd58, 0x06870000)
  to   space 4544K,   0% used [0x05f90000, 0x05f90000, 0x06400000)
 tenured generation   total 90924K, used 54552K [0x19150000, 0x1ea1b000, 0x43c00000)
   the space 90924K,  59% used [0x19150000, 0x1c6963d8, 0x1c696400, 0x1ea1b000)
 Metaspace       used 33009K, capacity 33834K, committed 34304K, reserved 35200K
}

