# JRE version: Java(TM) SE Runtime Environment (8.0_11-b12) (build 1.8.0_11-b12)
# Java VM: Java HotSpot(TM) Client VM (25.11-b03 mixed mode windows-x86 )
Heap:
 def new generation   total 25920K, used 13445K [0x03e00000, 0x05a10000, 0x19350000)
  eden space 23104K,  46% used [0x03e00000, 0x04861538, 0x05490000)
  from space 2816K, 100% used [0x05750000, 0x05a10000, 0x05a10000)
  to   space 2816K,   0% used [0x05490000, 0x05490000, 0x05750000)
 tenured generation   total 57388K, used 46662K [0x19350000, 0x1cb5b000, 0x43e00000)
   the space 57388K,  81% used [0x19350000, 0x1c0e1b30, 0x1c0e1c00, 0x1cb5b000)
 Metaspace       used 27741K, capacity 28487K, committed 28544K, reserved 29056K
GC Heap History (10 events):
Event: 369.161 GC heap before
{Heap before GC invocations=72 (full 5):
 def new generation   total 25920K, used 23104K [0x03e00000, 0x05a10000, 0x19350000)
  eden space 23104K, 100% used [0x03e00000, 0x05490000, 0x05490000)
  from space 2816K,   0% used [0x05490000, 0x05490000, 0x05750000)
  to   space 2816K,   0% used [0x05750000, 0x05750000, 0x05a10000)
 tenured generation   total 57388K, used 34432K [0x19350000, 0x1cb5b000, 0x43e00000)
   the space 57388K,  59% used [0x19350000, 0x1b4f00a0, 0x1b4f0200, 0x1cb5b000)
 Metaspace       used 25391K, capacity 25956K, committed 26112K, reserved 27008K
Event: 369.171 GC heap after
Heap after GC invocations=73 (full 5):
 def new generation   total 25920K, used 2550K [0x03e00000, 0x05a10000, 0x19350000)
  eden space 23104K,   0% used [0x03e00000, 0x03e00000, 0x05490000)
  from space 2816K,  90% used [0x05750000, 0x059cda50, 0x05a10000)
  to   space 2816K,   0% used [0x05490000, 0x05490000, 0x05750000)
 tenured generation   total 57388K, used 34432K [0x19350000, 0x1cb5b000, 0x43e00000)
   the space 57388K,  59% used [0x19350000, 0x1b4f00a0, 0x1b4f0200, 0x1cb5b000)
 Metaspace       used 25391K, capacity 25956K, committed 26112K, reserved 27008K
}
Event: 369.486 GC heap before
{Heap before GC invocations=73 (full 5):
 def new generation   total 25920K, used 25654K [0x03e00000, 0x05a10000, 0x19350000)
  eden space 23104K, 100% used [0x03e00000, 0x05490000, 0x05490000)
  from space 2816K,  90% used [0x05750000, 0x059cda50, 0x05a10000)
  to   space 2816K,   0% used [0x05490000, 0x05490000, 0x05750000)
 tenured generation   total 57388K, used 34432K [0x19350000, 0x1cb5b000, 0x43e00000)
   the space 57388K,  59% used [0x19350000, 0x1b4f00a0, 0x1b4f0200, 0x1cb5b000)
 Metaspace       used 25702K, capacity 26354K, committed 26496K, reserved 27008K
Event: 369.499 GC heap after
Heap after GC invocations=74 (full 5):
 def new generation   total 25920K, used 2578K [0x03e00000, 0x05a10000, 0x19350000)
  eden space 23104K,   0% used [0x03e00000, 0x03e00000, 0x05490000)
  from space 2816K,  91% used [0x05490000, 0x05714b90, 0x05750000)
  to   space 2816K,   0% used [0x05750000, 0x05750000, 0x05a10000)
 tenured generation   total 57388K, used 35502K [0x19350000, 0x1cb5b000, 0x43e00000)
   the space 57388K,  61% used [0x19350000, 0x1b5fbb38, 0x1b5fbc00, 0x1cb5b000)
 Metaspace       used 25702K, capacity 26354K, committed 26496K, reserved 27008K
}
Event: 369.725 GC heap before
{Heap before GC invocations=74 (full 5):
 def new generation   total 25920K, used 25682K [0x03e00000, 0x05a10000, 0x19350000)
  eden space 23104K, 100% used [0x03e00000, 0x05490000, 0x05490000)
  from space 2816K,  91% used [0x05490000, 0x05714b90, 0x05750000)
  to   space 2816K,   0% used [0x05750000, 0x05750000, 0x05a10000)
 tenured generation   total 57388K, used 35502K [0x19350000, 0x1cb5b000, 0x43e00000)
   the space 57388K,  61% used [0x19350000, 0x1b5fbb38, 0x1b5fbc00, 0x1cb5b000)
 Metaspace       used 26680K, capacity 27340K, committed 27392K, reserved 28032K
Event: 369.746 GC heap after
Heap after GC invocations=75 (full 5):
 def new generation   total 25920K, used 2816K [0x03e00000, 0x05a10000, 0x19350000)
  eden space 23104K,   0% used [0x03e00000, 0x03e00000, 0x05490000)
  from space 2816K, 100% used [0x05750000, 0x05a10000, 0x05a10000)
  to   space 2816K,   0% used [0x05490000, 0x05490000, 0x05750000)
 tenured generation   total 57388K, used 39648K [0x19350000, 0x1cb5b000, 0x43e00000)
   the space 57388K,  69% used [0x19350000, 0x1ba08078, 0x1ba08200, 0x1cb5b000)
 Metaspace       used 26680K, capacity 27340K, committed 27392K, reserved 28032K
}
Event: 369.975 GC heap before
{Heap before GC invocations=75 (full 5):
 def new generation   total 25920K, used 25920K [0x03e00000, 0x05a10000, 0x19350000)
  eden space 23104K, 100% used [0x03e00000, 0x05490000, 0x05490000)
  from space 2816K, 100% used [0x05750000, 0x05a10000, 0x05a10000)
  to   space 2816K,   0% used [0x05490000, 0x05490000, 0x05750000)
 tenured generation   total 57388K, used 39648K [0x19350000, 0x1cb5b000, 0x43e00000)
   the space 57388K,  69% used [0x19350000, 0x1ba08078, 0x1ba08200, 0x1cb5b000)
 Metaspace       used 27069K, capacity 27757K, committed 27776K, reserved 28032K
Event: 369.995 GC heap after
Heap after GC invocations=76 (full 5):
 def new generation   total 25920K, used 2816K [0x03e00000, 0x05a10000, 0x19350000)
  eden space 23104K,   0% used [0x03e00000, 0x03e00000, 0x05490000)
  from space 2816K, 100% used [0x05490000, 0x05750000, 0x05750000)
  to   space 2816K,   0% used [0x05750000, 0x05750000, 0x05a10000)
 tenured generation   total 57388K, used 43209K [0x19350000, 0x1cb5b000, 0x43e00000)
   the space 57388K,  75% used [0x19350000, 0x1bd82710, 0x1bd82800, 0x1cb5b000)
 Metaspace       used 27069K, capacity 27757K, committed 27776K, reserved 28032K
}
Event: 370.325 GC heap before
{Heap before GC invocations=76 (full 5):
 def new generation   total 25920K, used 25920K [0x03e00000, 0x05a10000, 0x19350000)
  eden space 23104K, 100% used [0x03e00000, 0x05490000, 0x05490000)
  from space 2816K, 100% used [0x05490000, 0x05750000, 0x05750000)
  to   space 2816K,   0% used [0x05750000, 0x05750000, 0x05a10000)
 tenured generation   total 57388K, used 43209K [0x19350000, 0x1cb5b000, 0x43e00000)
   the space 57388K,  75% used [0x19350000, 0x1bd82710, 0x1bd82800, 0x1cb5b000)
 Metaspace       used 27607K, capacity 28347K, committed 28416K, reserved 29056K
Event: 370.345 GC heap after
Heap after GC invocations=77 (full 5):
 def new generation   total 25920K, used 2816K [0x03e00000, 0x05a10000, 0x19350000)
  eden space 23104K,   0% used [0x03e00000, 0x03e00000, 0x05490000)
  from space 2816K, 100% used [0x05750000, 0x05a10000, 0x05a10000)
  to   space 2816K,   0% used [0x05490000, 0x05490000, 0x05750000)
 tenured generation   total 57388K, used 46662K [0x19350000, 0x1cb5b000, 0x43e00000)
   the space 57388K,  81% used [0x19350000, 0x1c0e1b30, 0x1c0e1c00, 0x1cb5b000)
 Metaspace       used 27607K, capacity 28347K, committed 28416K, reserved 29056K
}

